<?xml version="1.0" encoding="UTF-8"?>
<!-- Generated by org.testng.reporters.JUnitXMLReporter -->
<testsuite ignored="1" hostname="SUJIT" failures="0" tests="2" name="Test" time="18.166" errors="0" timestamp="2024-10-25T00:55:43 IST">
  <testcase classname="testCases.TC_LF_001_LoginTest" name="LoginTest" time="2.143"/>
  <testcase classname="testCases.TC_RF_001_AccountRegistrationTest" name="verifyAccountRegistration" time="2.594"/>
  <testcase classname="testCases.TC_LF_001_LoginDataDrivenTest" name="LoginDDT" time="0.0">
    <ignored/>
  </testcase> <!-- LoginDDT -->
</testsuite> <!-- Test -->
